# JRE version: Java(TM) SE Runtime Environment (7.0_60-b19) (build 1.7.0_60-b19)
# Java VM: Java HotSpot(TM) 64-Bit Server VM (24.60-b09 mixed mode windows-amd64 compressed oops)
Heap
 PSYoungGen      total 239616K, used 179790K [0x00000000eaa80000, 0x00000000fc480000, 0x0000000100000000)
  eden space 218624K, 72% used [0x00000000eaa80000,0x00000000f45b0e40,0x00000000f8000000)
  from space 20992K, 99% used [0x00000000fa300000,0x00000000fb762ad0,0x00000000fb780000)
  to   space 13312K, 0% used [0x00000000fb780000,0x00000000fb780000,0x00000000fc480000)
 ParOldGen       total 79872K, used 37479K [0x00000000c0000000, 0x00000000c4e00000, 0x00000000eaa80000)
  object space 79872K, 46% used [0x00000000c0000000,0x00000000c2499c20,0x00000000c4e00000)
 PSPermGen       total 74240K, used 51082K [0x00000000b0000000, 0x00000000b4880000, 0x00000000c0000000)
  object space 74240K, 68% used [0x00000000b0000000,0x00000000b31e2bb0,0x00000000b4880000)
GC Heap History (10 events):
Event: 5.324 GC heap before
{Heap before GC invocations=7 (full 0):
 PSYoungGen      total 144384K, used 143698K [0x00000000eaa80000, 0x00000000f4880000, 0x0000000100000000)
  eden space 133120K, 100% used [0x00000000eaa80000,0x00000000f2c80000,0x00000000f2c80000)
  from space 11264K, 93% used [0x00000000f3980000,0x00000000f43d48f8,0x00000000f4480000)
  to   space 13312K, 0% used [0x00000000f2c80000,0x00000000f2c80000,0x00000000f3980000)
 ParOldGen       total 43008K, used 17822K [0x00000000c0000000, 0x00000000c2a00000, 0x00000000eaa80000)
  object space 43008K, 41% used [0x00000000c0000000,0x00000000c1167bf0,0x00000000c2a00000)
 PSPermGen       total 30720K, used 30250K [0x00000000b0000000, 0x00000000b1e00000, 0x00000000c0000000)
  object space 30720K, 98% used [0x00000000b0000000,0x00000000b1d8a8b0,0x00000000b1e00000)
Event: 5.353 GC heap after
Heap after GC invocations=7 (full 0):
 PSYoungGen      total 146432K, used 13312K [0x00000000eaa80000, 0x00000000fd980000, 0x0000000100000000)
  eden space 133120K, 0% used [0x00000000eaa80000,0x00000000eaa80000,0x00000000f2c80000)
  from space 13312K, 100% used [0x00000000f2c80000,0x00000000f3980000,0x00000000f3980000)
  to   space 22016K, 0% used [0x00000000fc400000,0x00000000fc400000,0x00000000fd980000)
 ParOldGen       total 43008K, used 30761K [0x00000000c0000000, 0x00000000c2a00000, 0x00000000eaa80000)
  object space 43008K, 71% used [0x00000000c0000000,0x00000000c1e0a530,0x00000000c2a00000)
 PSPermGen       total 30720K, used 30250K [0x00000000b0000000, 0x00000000b1e00000, 0x00000000c0000000)
  object space 30720K, 98% used [0x00000000b0000000,0x00000000b1d8a8b0,0x00000000b1e00000)
}
Event: 5.353 GC heap before
{Heap before GC invocations=8 (full 1):
 PSYoungGen      total 146432K, used 13312K [0x00000000eaa80000, 0x00000000fd980000, 0x0000000100000000)
  eden space 133120K, 0% used [0x00000000eaa80000,0x00000000eaa80000,0x00000000f2c80000)
  from space 13312K, 100% used [0x00000000f2c80000,0x00000000f3980000,0x00000000f3980000)
  to   space 22016K, 0% used [0x00000000fc400000,0x00000000fc400000,0x00000000fd980000)
 ParOldGen       total 43008K, used 30761K [0x00000000c0000000, 0x00000000c2a00000, 0x00000000eaa80000)
  object space 43008K, 71% used [0x00000000c0000000,0x00000000c1e0a530,0x00000000c2a00000)
 PSPermGen       total 30720K, used 30250K [0x00000000b0000000, 0x00000000b1e00000, 0x00000000c0000000)
  object space 30720K, 98% used [0x00000000b0000000,0x00000000b1d8a8b0,0x00000000b1e00000)
Event: 5.560 GC heap after
Heap after GC invocations=8 (full 1):
 PSYoungGen      total 146432K, used 0K [0x00000000eaa80000, 0x00000000fd980000, 0x0000000100000000)
  eden space 133120K, 0% used [0x00000000eaa80000,0x00000000eaa80000,0x00000000f2c80000)
  from space 13312K, 0% used [0x00000000f2c80000,0x00000000f2c80000,0x00000000f3980000)
  to   space 22016K, 0% used [0x00000000fc400000,0x00000000fc400000,0x00000000fd980000)
 ParOldGen       total 79872K, used 38326K [0x00000000c0000000, 0x00000000c4e00000, 0x00000000eaa80000)
  object space 79872K, 47% used [0x00000000c0000000,0x00000000c256d918,0x00000000c4e00000)
 PSPermGen       total 60928K, used 30234K [0x00000000b0000000, 0x00000000b3b80000, 0x00000000c0000000)
  object space 60928K, 49% used [0x00000000b0000000,0x00000000b1d86a08,0x00000000b3b80000)
}
Event: 7.222 GC heap before
{Heap before GC invocations=9 (full 1):
 PSYoungGen      total 146432K, used 70754K [0x00000000eaa80000, 0x00000000fd980000, 0x0000000100000000)
  eden space 133120K, 53% used [0x00000000eaa80000,0x00000000eef98808,0x00000000f2c80000)
  from space 13312K, 0% used [0x00000000f2c80000,0x00000000f2c80000,0x00000000f3980000)
  to   space 22016K, 0% used [0x00000000fc400000,0x00000000fc400000,0x00000000fd980000)
 ParOldGen       total 79872K, used 38326K [0x00000000c0000000, 0x00000000c4e00000, 0x00000000eaa80000)
  object space 79872K, 47% used [0x00000000c0000000,0x00000000c256d918,0x00000000c4e00000)
 PSPermGen       total 60928K, used 37857K [0x00000000b0000000, 0x00000000b3b80000, 0x00000000c0000000)
  object space 60928K, 62% used [0x00000000b0000000,0x00000000b24f8530,0x00000000b3b80000)
Event: 7.236 GC heap after
Heap after GC invocations=9 (full 1):
 PSYoungGen      total 182784K, used 8026K [0x00000000eaa80000, 0x00000000fcc00000, 0x0000000100000000)
  eden space 174592K, 0% used [0x00000000eaa80000,0x00000000eaa80000,0x00000000f5500000)
  from space 8192K, 97% used [0x00000000fc400000,0x00000000fcbd6870,0x00000000fcc00000)
  to   space 20992K, 0% used [0x00000000fa300000,0x00000000fa300000,0x00000000fb780000)
 ParOldGen       total 79872K, used 38334K [0x00000000c0000000, 0x00000000c4e00000, 0x00000000eaa80000)
  object space 79872K, 47% used [0x00000000c0000000,0x00000000c256f918,0x00000000c4e00000)
 PSPermGen       total 60928K, used 37857K [0x00000000b0000000, 0x00000000b3b80000, 0x00000000c0000000)
  object space 60928K, 62% used [0x00000000b0000000,0x00000000b24f8530,0x00000000b3b80000)
}
Event: 7.236 GC heap before
{Heap before GC invocations=10 (full 2):
 PSYoungGen      total 182784K, used 8026K [0x00000000eaa80000, 0x00000000fcc00000, 0x0000000100000000)
  eden space 174592K, 0% used [0x00000000eaa80000,0x00000000eaa80000,0x00000000f5500000)
  from space 8192K, 97% used [0x00000000fc400000,0x00000000fcbd6870,0x00000000fcc00000)
  to   space 20992K, 0% used [0x00000000fa300000,0x00000000fa300000,0x00000000fb780000)
 ParOldGen       total 79872K, used 38334K [0x00000000c0000000, 0x00000000c4e00000, 0x00000000eaa80000)
  object space 79872K, 47% used [0x00000000c0000000,0x00000000c256f918,0x00000000c4e00000)
 PSPermGen       total 60928K, used 37857K [0x00000000b0000000, 0x00000000b3b80000, 0x00000000c0000000)
  object space 60928K, 62% used [0x00000000b0000000,0x00000000b24f8530,0x00000000b3b80000)
Event: 7.463 GC heap after
Heap after GC invocations=10 (full 2):
 PSYoungGen      total 182784K, used 0K [0x00000000eaa80000, 0x00000000fcc00000, 0x0000000100000000)
  eden space 174592K, 0% used [0x00000000eaa80000,0x00000000eaa80000,0x00000000f5500000)
  from space 8192K, 0% used [0x00000000fc400000,0x00000000fc400000,0x00000000fcc00000)
  to   space 20992K, 0% used [0x00000000fa300000,0x00000000fa300000,0x00000000fb780000)
 ParOldGen       total 79872K, used 37479K [0x00000000c0000000, 0x00000000c4e00000, 0x00000000eaa80000)
  object space 79872K, 46% used [0x00000000c0000000,0x00000000c2499c20,0x00000000c4e00000)
 PSPermGen       total 74240K, used 37851K [0x00000000b0000000, 0x00000000b4880000, 0x00000000c0000000)
  object space 74240K, 50% used [0x00000000b0000000,0x00000000b24f6f28,0x00000000b4880000)
}
Event: 283.123 GC heap before
{Heap before GC invocations=11 (full 2):
 PSYoungGen      total 182784K, used 174592K [0x00000000eaa80000, 0x00000000fcc00000, 0x0000000100000000)
  eden space 174592K, 100% used [0x00000000eaa80000,0x00000000f5500000,0x00000000f5500000)
  from space 8192K, 0% used [0x00000000fc400000,0x00000000fc400000,0x00000000fcc00000)
  to   space 20992K, 0% used [0x00000000fa300000,0x00000000fa300000,0x00000000fb780000)
 ParOldGen       total 79872K, used 37479K [0x00000000c0000000, 0x00000000c4e00000, 0x00000000eaa80000)
  object space 79872K, 46% used [0x00000000c0000000,0x00000000c2499c20,0x00000000c4e00000)
 PSPermGen       total 74240K, used 44223K [0x00000000b0000000, 0x00000000b4880000, 0x00000000c0000000)
  object space 74240K, 59% used [0x00000000b0000000,0x00000000b2b2ff08,0x00000000b4880000)
Event: 283.148 GC heap after
Heap after GC invocations=11 (full 2):
 PSYoungGen      total 239616K, used 20874K [0x00000000eaa80000, 0x00000000fc480000, 0x0000000100000000)
  eden space 218624K, 0% used [0x00000000eaa80000,0x00000000eaa80000,0x00000000f8000000)
  from space 20992K, 99% used [0x00000000fa300000,0x00000000fb762ad0,0x00000000fb780000)
  to   space 13312K, 0% used [0x00000000fb780000,0x00000000fb780000,0x00000000fc480000)
 ParOldGen       total 79872K, used 37479K [0x00000000c0000000, 0x00000000c4e00000, 0x00000000eaa80000)
  object space 79872K, 46% used [0x00000000c0000000,0x00000000c2499c20,0x00000000c4e00000)
 PSPermGen       total 74240K, used 44223K [0x00000000b0000000, 0x00000000b4880000, 0x00000000c0000000)
  object space 74240K, 59% used [0x00000000b0000000,0x00000000b2b2ff08,0x00000000b4880000)
}

